This is pdfTeX, Version 3.14159265-2.6-1.40.15 (TeX Live 2014) (preloaded format=pdflatex 2014.5.25)  1 DEC 2014 19:37
entering extended mode
 restricted \write18 enabled.
 %&-line parsing enabled.
**paper.tex
(./paper.tex
LaTeX2e <2014/05/01>
Babel <3.9k> and hyphenation patterns for 78 languages loaded.
(/usr/local/texlive/2014/texmf-dist/tex/latex/base/article.cls
Document Class: article 2007/10/19 v1.4h Standard LaTeX document class
(/usr/local/texlive/2014/texmf-dist/tex/latex/base/size12.clo
File: size12.clo 2007/10/19 v1.4h Standard LaTeX file (size option)
)
\c@part=\count79
\c@section=\count80
\c@subsection=\count81
\c@subsubsection=\count82
\c@paragraph=\count83
\c@subparagraph=\count84
\c@figure=\count85
\c@table=\count86
\abovecaptionskip=\skip41
\belowcaptionskip=\skip42
\bibindent=\dimen102
)
(/usr/local/texlive/2014/texmf-dist/tex/latex/preprint/fullpage.sty
Package: fullpage 1999/02/23 1.1 (PWD)
\FP@margin=\skip43
)
(/usr/local/texlive/2014/texmf-dist/tex/latex/graphics/graphicx.sty
Package: graphicx 2014/04/25 v1.0g Enhanced LaTeX Graphics (DPC,SPQR)

(/usr/local/texlive/2014/texmf-dist/tex/latex/graphics/keyval.sty
Package: keyval 2014/05/08 v1.15 key=value parser (DPC)
\KV@toks@=\toks14
)
(/usr/local/texlive/2014/texmf-dist/tex/latex/graphics/graphics.sty
Package: graphics 2009/02/05 v1.0o Standard LaTeX Graphics (DPC,SPQR)

(/usr/local/texlive/2014/texmf-dist/tex/latex/graphics/trig.sty
Package: trig 1999/03/16 v1.09 sin cos tan (DPC)
)
(/usr/local/texlive/2014/texmf-dist/tex/latex/latexconfig/graphics.cfg
File: graphics.cfg 2010/04/23 v1.9 graphics configuration of TeX Live
)
Package graphics Info: Driver file: pdftex.def on input line 91.

(/usr/local/texlive/2014/texmf-dist/tex/latex/pdftex-def/pdftex.def
File: pdftex.def 2011/05/27 v0.06d Graphics/color for pdfTeX

(/usr/local/texlive/2014/texmf-dist/tex/generic/oberdiek/infwarerr.sty
Package: infwarerr 2010/04/08 v1.3 Providing info/warning/error messages (HO)
)
(/usr/local/texlive/2014/texmf-dist/tex/generic/oberdiek/ltxcmds.sty
Package: ltxcmds 2011/11/09 v1.22 LaTeX kernel commands for general use (HO)
)
\Gread@gobject=\count87
))
\Gin@req@height=\dimen103
\Gin@req@width=\dimen104
)
(/usr/local/texlive/2014/texmf-dist/tex/latex/mdwtools/mdwlist.sty
Package: mdwlist 1996/05/02 1.1 Various list-related things
)
(/usr/local/texlive/2014/texmf-dist/tex/latex/float/float.sty
Package: float 2001/11/08 v1.3d Float enhancements (AL)
\c@float@type=\count88
\float@exts=\toks15
\float@box=\box26
\@float@everytoks=\toks16
\@floatcapt=\box27
)
(/usr/local/texlive/2014/texmf-dist/tex/latex/listings/listings.sty
\lst@mode=\count89
\lst@gtempboxa=\box28
\lst@token=\toks17
\lst@length=\count90
\lst@currlwidth=\dimen105
\lst@column=\count91
\lst@pos=\count92
\lst@lostspace=\dimen106
\lst@width=\dimen107
\lst@newlines=\count93
\lst@lineno=\count94
\lst@maxwidth=\dimen108

(/usr/local/texlive/2014/texmf-dist/tex/latex/listings/lstmisc.sty
File: lstmisc.sty 2014/03/04 1.5c (Carsten Heinz)
\c@lstnumber=\count95
\lst@skipnumbers=\count96
\lst@framebox=\box29
)
(/usr/local/texlive/2014/texmf-dist/tex/latex/listings/listings.cfg
File: listings.cfg 2014/03/04 1.5c listings configuration
))
Package: listings 2014/03/04 1.5c (Carsten Heinz)

(./paper.aux)
\openout1 = `paper.aux'.

LaTeX Font Info:    Checking defaults for OML/cmm/m/it on input line 25.
LaTeX Font Info:    ... okay on input line 25.
LaTeX Font Info:    Checking defaults for T1/cmr/m/n on input line 25.
LaTeX Font Info:    ... okay on input line 25.
LaTeX Font Info:    Checking defaults for OT1/cmr/m/n on input line 25.
LaTeX Font Info:    ... okay on input line 25.
LaTeX Font Info:    Checking defaults for OMS/cmsy/m/n on input line 25.
LaTeX Font Info:    ... okay on input line 25.
LaTeX Font Info:    Checking defaults for OMX/cmex/m/n on input line 25.
LaTeX Font Info:    ... okay on input line 25.
LaTeX Font Info:    Checking defaults for U/cmr/m/n on input line 25.
LaTeX Font Info:    ... okay on input line 25.

(/usr/local/texlive/2014/texmf-dist/tex/context/base/supp-pdf.mkii
[Loading MPS to PDF converter (version 2006.09.02).]
\scratchcounter=\count97
\scratchdimen=\dimen109
\scratchbox=\box30
\nofMPsegments=\count98
\nofMParguments=\count99
\everyMPshowfont=\toks18
\MPscratchCnt=\count100
\MPscratchDim=\dimen110
\MPnumerator=\count101
\makeMPintoPDFobject=\count102
\everyMPtoPDFconversion=\toks19
) (/usr/local/texlive/2014/texmf-dist/tex/generic/oberdiek/pdftexcmds.sty
Package: pdftexcmds 2011/11/29 v0.20 Utility functions of pdfTeX for LuaTeX (HO
)

(/usr/local/texlive/2014/texmf-dist/tex/generic/oberdiek/ifluatex.sty
Package: ifluatex 2010/03/01 v1.3 Provides the ifluatex switch (HO)
Package ifluatex Info: LuaTeX not detected.
)
(/usr/local/texlive/2014/texmf-dist/tex/generic/oberdiek/ifpdf.sty
Package: ifpdf 2011/01/30 v2.3 Provides the ifpdf switch (HO)
Package ifpdf Info: pdfTeX in PDF mode is detected.
)
Package pdftexcmds Info: LuaTeX not detected.
Package pdftexcmds Info: \pdf@primitive is available.
Package pdftexcmds Info: \pdf@ifprimitive is available.
Package pdftexcmds Info: \pdfdraftmode found.
)
(/usr/local/texlive/2014/texmf-dist/tex/latex/oberdiek/epstopdf-base.sty
Package: epstopdf-base 2010/02/09 v2.5 Base part for package epstopdf

(/usr/local/texlive/2014/texmf-dist/tex/latex/oberdiek/grfext.sty
Package: grfext 2010/08/19 v1.1 Manage graphics extensions (HO)

(/usr/local/texlive/2014/texmf-dist/tex/generic/oberdiek/kvdefinekeys.sty
Package: kvdefinekeys 2011/04/07 v1.3 Define keys (HO)
))
(/usr/local/texlive/2014/texmf-dist/tex/latex/oberdiek/kvoptions.sty
Package: kvoptions 2011/06/30 v3.11 Key value format for package options (HO)

(/usr/local/texlive/2014/texmf-dist/tex/generic/oberdiek/kvsetkeys.sty
Package: kvsetkeys 2012/04/25 v1.16 Key value parser (HO)

(/usr/local/texlive/2014/texmf-dist/tex/generic/oberdiek/etexcmds.sty
Package: etexcmds 2011/02/16 v1.5 Avoid name clashes with e-TeX commands (HO)
Package etexcmds Info: Could not find \expanded.
(etexcmds)             That can mean that you are not using pdfTeX 1.50 or
(etexcmds)             that some package has redefined \expanded.
(etexcmds)             In the latter case, load this package earlier.
)))
Package grfext Info: Graphics extension search list:
(grfext)             [.png,.pdf,.jpg,.mps,.jpeg,.jbig2,.jb2,.PNG,.PDF,.JPG,.JPE
G,.JBIG2,.JB2,.eps]
(grfext)             \AppendGraphicsExtensions on input line 452.

(/usr/local/texlive/2014/texmf-dist/tex/latex/latexconfig/epstopdf-sys.cfg
File: epstopdf-sys.cfg 2010/07/13 v1.3 Configuration of (r)epstopdf for TeX Liv
e
))
\c@lstlisting=\count103
\c@lemma=\count104
\c@theorem=\count105
\c@proof=\count106
\c@defn=\count107
\c@algo=\count108
\c@observation=\count109
LaTeX Font Info:    External font `cmex10' loaded for size
(Font)              <14.4> on input line 57.
LaTeX Font Info:    External font `cmex10' loaded for size
(Font)              <7> on input line 57.

(./000abstract.tex) (./010intro.tex [1

{/usr/local/texlive/2014/texmf-var/fonts/map/pdftex/updmap/pdftex.map}]
LaTeX Font Info:    Try loading font information for OMS+cmr on input line 20.

(/usr/local/texlive/2014/texmf-dist/tex/latex/base/omscmr.fd
File: omscmr.fd 1999/05/25 v2.5h Standard LaTeX font definitions
)
LaTeX Font Info:    Font shape `OMS/cmr/m/n' in size <12> not available
(Font)              Font shape `OMS/cmsy/m/n' tried instead on input line 20.
) (./020survey.tex [2] [3] [4]
LaTeX Font Info:    External font `cmex10' loaded for size
(Font)              <12> on input line 96.
LaTeX Font Info:    External font `cmex10' loaded for size
(Font)              <8> on input line 96.
LaTeX Font Info:    External font `cmex10' loaded for size
(Font)              <6> on input line 96.
) (./030method.tex) (./040experiments.tex
<FIG/soc-degreedist.png, id=24, 562.1pt x 421.575pt>
File: FIG/soc-degreedist.png Graphic file (type png)

<use FIG/soc-degreedist.png>
Package pdftex.def Info: FIG/soc-degreedist.png used on input line 13.
(pdftex.def)             Requested size: 140.92792pt x 105.69582pt.

<FIG/soc-pagerank.png, id=25, 562.1pt x 421.575pt>
File: FIG/soc-pagerank.png Graphic file (type png)
 <use FIG/soc-pagerank.png>
Package pdftex.def Info: FIG/soc-pagerank.png used on input line 14.
(pdftex.def)             Requested size: 140.92792pt x 105.69582pt.

<FIG/wiki-degreedist.png, id=26, 562.1pt x 421.575pt>
File: FIG/wiki-degreedist.png Graphic file (type png)

<use FIG/wiki-degreedist.png>
Package pdftex.def Info: FIG/wiki-degreedist.png used on input line 19.
(pdftex.def)             Requested size: 140.92792pt x 105.69582pt.

<FIG/wiki-pagerank.png, id=27, 562.1pt x 421.575pt>
File: FIG/wiki-pagerank.png Graphic file (type png)

<use FIG/wiki-pagerank.png>
Package pdftex.def Info: FIG/wiki-pagerank.png used on input line 20.
(pdftex.def)             Requested size: 140.92792pt x 105.69582pt.
 [5] <FIG/1dd.jpg, id=32, 132.495pt x 47.17625pt>
File: FIG/1dd.jpg Graphic file (type jpg)

<use FIG/1dd.jpg>
Package pdftex.def Info: FIG/1dd.jpg used on input line 42.
(pdftex.def)             Requested size: 140.92792pt x 50.1822pt.
 <FIG/1cc.jpg, id=33, 149.55875pt x 181.67876pt>
File: FIG/1cc.jpg Graphic file (type jpg)

<use FIG/1cc.jpg>
Package pdftex.def Info: FIG/1cc.jpg used on input line 43.
(pdftex.def)             Requested size: 140.92792pt x 171.20496pt.
 <FIG/2dd.jpg, id=34, 130.4875pt x 30.1125pt>
File: FIG/2dd.jpg Graphic file (type jpg)

<use FIG/2dd.jpg>
Package pdftex.def Info: FIG/2dd.jpg used on input line 53.
(pdftex.def)             Requested size: 140.92792pt x 32.52237pt.
 <FIG/2cc.jpg, id=35, 148.555pt x 93.34875pt>
File: FIG/2cc.jpg Graphic file (type jpg)

<use FIG/2cc.jpg>
Package pdftex.def Info: FIG/2cc.jpg used on input line 54.
(pdftex.def)             Requested size: 140.92792pt x 88.55972pt.
 [6 <./FIG/soc-degreedist.png (PNG copy)> <./FIG/soc-pagerank.png (PNG copy)> <
./FIG/wiki-degreedist.png (PNG copy)> <./FIG/wiki-pagerank.png (PNG copy)> <./F
IG/1dd.jpg> <./FIG/1cc.jpg>]
<FIG/3dd.jpg, id=39, 133.49875pt x 65.24374pt>
File: FIG/3dd.jpg Graphic file (type jpg)
 <use FIG/3dd.jpg>
Package pdftex.def Info: FIG/3dd.jpg used on input line 64.
(pdftex.def)             Requested size: 140.92792pt x 68.88127pt.

<FIG/3cc.jpg, id=40, 147.55125pt x 180.675pt>
File: FIG/3cc.jpg Graphic file (type jpg)
 <use FIG/3cc.jpg>
Package pdftex.def Info: FIG/3cc.jpg used on input line 65.
(pdftex.def)             Requested size: 140.92792pt x 172.56932pt.

<FIG/4dd.jpg, id=41, 133.49875pt x 48.18pt>
File: FIG/4dd.jpg Graphic file (type jpg)
 <use FIG/4dd.jpg>
Package pdftex.def Info: FIG/4dd.jpg used on input line 75.
(pdftex.def)             Requested size: 140.92792pt x 50.86615pt.

<FIG/4cc.jpg, id=42, 147.55125pt x 93.34875pt>
File: FIG/4cc.jpg Graphic file (type jpg)
 <use FIG/4cc.jpg>
Package pdftex.def Info: FIG/4cc.jpg used on input line 76.
(pdftex.def)             Requested size: 140.92792pt x 89.16081pt.

<FIG/5dd.jpg, id=43, 134.5025pt x 47.17625pt>
File: FIG/5dd.jpg Graphic file (type jpg)
 <use FIG/5dd.jpg>
Package pdftex.def Info: FIG/5dd.jpg used on input line 86.
(pdftex.def)             Requested size: 140.92792pt x 49.43068pt.

<FIG/5cc.jpg, id=44, 148.555pt x 333.245pt>
File: FIG/5cc.jpg Graphic file (type jpg)
 <use FIG/5cc.jpg>
Package pdftex.def Info: FIG/5cc.jpg used on input line 87.
(pdftex.def)             Requested size: 140.92792pt x 316.14873pt.
 [7 <./FIG/2dd.jpg> <./FIG/2cc.jpg> <./FIG/3dd.jpg> <./FIG/3cc.jpg> <./FIG/4dd.
jpg> <./FIG/4cc.jpg>] [8 <./FIG/5dd.jpg> <./FIG/5cc.jpg>]
<FIG/AllRadius1.png, id=52, 860.21375pt x 601.24625pt>
File: FIG/AllRadius1.png Graphic file (type png)

<use FIG/AllRadius1.png>
Package pdftex.def Info: FIG/AllRadius1.png used on input line 116.
(pdftex.def)             Requested size: 469.75499pt x 328.33783pt.

<FIG/AllRadius2.png, id=54, 862.22125pt x 555.07375pt>
File: FIG/AllRadius2.png Graphic file (type png)

<use FIG/AllRadius2.png>
Package pdftex.def Info: FIG/AllRadius2.png used on input line 117.
(pdftex.def)             Requested size: 469.75499pt x 302.41179pt.

Overfull \hbox (12.0pt too wide) in paragraph at lines 114--119
 [] 
 []

[9]
Overfull \vbox (54.68633pt too high) has occurred while \output is active []


[10 <./FIG/AllRadius1.png> <./FIG/AllRadius2.png>]
<FIG/CC1.png, id=63, 887.315pt x 599.23875pt>
File: FIG/CC1.png Graphic file (type png)
 <use FIG/CC1.png>
Package pdftex.def Info: FIG/CC1.png used on input line 127.
(pdftex.def)             Requested size: 469.75499pt x 317.23842pt.

<FIG/CC2.png, id=64, 888.31876pt x 553.06625pt>
File: FIG/CC2.png Graphic file (type png)
 <use FIG/CC2.png>
Package pdftex.def Info: FIG/CC2.png used on input line 128.
(pdftex.def)             Requested size: 469.75499pt x 292.46547pt.

Overfull \hbox (12.0pt too wide) in paragraph at lines 125--130
 [] 
 []


Overfull \vbox (33.6406pt too high) has occurred while \output is active []


[11 <./FIG/CC1.png> <./FIG/CC2.png>]
<FIG/DD1.png, id=70, 894.34125pt x 584.1825pt>
File: FIG/DD1.png Graphic file (type png)
 <use FIG/DD1.png>
Package pdftex.def Info: FIG/DD1.png used on input line 138.
(pdftex.def)             Requested size: 469.75499pt x 306.85193pt.

<FIG/DD2.png, id=71, 892.33376pt x 345.29pt>
File: FIG/DD2.png Graphic file (type png)
 <use FIG/DD2.png>
Package pdftex.def Info: FIG/DD2.png used on input line 139.
(pdftex.def)             Requested size: 469.75499pt x 181.7752pt.

Overfull \hbox (12.0pt too wide) in paragraph at lines 136--141
 [] 
 []

<FIG/Eigen1.png, id=72, 831.105pt x 580.1675pt>
File: FIG/Eigen1.png Graphic file (type png)
 <use FIG/Eigen1.png>
Package pdftex.def Info: FIG/Eigen1.png used on input line 149.
(pdftex.def)             Requested size: 469.75499pt x 327.91917pt.

<FIG/Eigen2.png, id=73, 833.1125pt x 556.0775pt>
File: FIG/Eigen2.png Graphic file (type png)
 <use FIG/Eigen2.png>
Package pdftex.def Info: FIG/Eigen2.png used on input line 150.
(pdftex.def)             Requested size: 469.75499pt x 313.54799pt.

<FIG/Eigen3.png, id=74, 828.09375pt x 254.9525pt>
File: FIG/Eigen3.png Graphic file (type png)
 <use FIG/Eigen3.png>
Package pdftex.def Info: FIG/Eigen3.png used on input line 151.
(pdftex.def)             Requested size: 469.75499pt x 144.63196pt.

Overfull \hbox (12.0pt too wide) in paragraph at lines 147--153
 [] 
 []

[12 <./FIG/DD1.png> <./FIG/DD2.png>]
Overfull \vbox (214.38586pt too high) has occurred while \output is active []


[13 <./FIG/Eigen1.png> <./FIG/Eigen2.png> <./FIG/Eigen3.png>]
<FIG/KC1.png, id=87, 893.3375pt x 577.15625pt>
File: FIG/KC1.png Graphic file (type png)
 <use FIG/KC1.png>
Package pdftex.def Info: FIG/KC1.png used on input line 161.
(pdftex.def)             Requested size: 469.75499pt x 303.49593pt.

<FIG/KC2.png, id=88, 891.33pt x 233.87375pt>
File: FIG/KC2.png Graphic file (type png)
 <use FIG/KC2.png>
Package pdftex.def Info: FIG/KC2.png used on input line 162.
(pdftex.def)             Requested size: 469.75499pt x 123.25659pt.

Overfull \hbox (12.0pt too wide) in paragraph at lines 159--164
 [] 
 []

<FIG/PR1.png, id=89, 889.3225pt x 588.1975pt>
File: FIG/PR1.png Graphic file (type png)
 <use FIG/PR1.png>
Package pdftex.def Info: FIG/PR1.png used on input line 172.
(pdftex.def)             Requested size: 469.75499pt x 310.6931pt.

<FIG/PR2.png, id=90, 888.31876pt x 531.9875pt>
File: FIG/PR2.png Graphic file (type png)
 <use FIG/PR2.png>
Package pdftex.def Info: FIG/PR2.png used on input line 173.
(pdftex.def)             Requested size: 469.75499pt x 281.31886pt.

Overfull \hbox (12.0pt too wide) in paragraph at lines 170--175
 [] 
 []

[14 <./FIG/KC1.png> <./FIG/KC2.png>]
Overfull \vbox (15.94867pt too high) has occurred while \output is active []


[15 <./FIG/PR1.png> <./FIG/PR2.png>]
<FIG/1pagerank.png, id=101, 562.1pt x 421.575pt>
File: FIG/1pagerank.png Graphic file (type png)
 <use FIG/1pagerank.png>
Package pdftex.def Info: FIG/1pagerank.png used on input line 185.
(pdftex.def)             Requested size: 140.92792pt x 105.69582pt.

<FIG/1degreedist.png, id=102, 562.1pt x 421.575pt>
File: FIG/1degreedist.png Graphic file (type png)
 <use FIG/1degreedist.png>
Package pdftex.def Info: FIG/1degreedist.png used on input line 186.
(pdftex.def)             Requested size: 140.92792pt x 105.69582pt.

<FIG/2pagerank.png, id=103, 562.1pt x 421.575pt>
File: FIG/2pagerank.png Graphic file (type png)
 <use FIG/2pagerank.png>
Package pdftex.def Info: FIG/2pagerank.png used on input line 196.
(pdftex.def)             Requested size: 140.92792pt x 105.69582pt.

<FIG/2degreedist.png, id=104, 562.1pt x 421.575pt>
File: FIG/2degreedist.png Graphic file (type png)
 <use FIG/2degreedist.png>
Package pdftex.def Info: FIG/2degreedist.png used on input line 197.
(pdftex.def)             Requested size: 140.92792pt x 105.69582pt.

<FIG/3pagerank.png, id=105, 562.1pt x 421.575pt>
File: FIG/3pagerank.png Graphic file (type png)
 <use FIG/3pagerank.png>
Package pdftex.def Info: FIG/3pagerank.png used on input line 207.
(pdftex.def)             Requested size: 140.92792pt x 105.69582pt.

<FIG/3degreedist.png, id=106, 562.1pt x 421.575pt>
File: FIG/3degreedist.png Graphic file (type png)
 <use FIG/3degreedist.png>
Package pdftex.def Info: FIG/3degreedist.png used on input line 208.
(pdftex.def)             Requested size: 140.92792pt x 105.69582pt.

<FIG/4pagerank.png, id=107, 562.1pt x 421.575pt>
File: FIG/4pagerank.png Graphic file (type png)
 <use FIG/4pagerank.png>
Package pdftex.def Info: FIG/4pagerank.png used on input line 218.
(pdftex.def)             Requested size: 140.92792pt x 105.69582pt.

<FIG/4degreedist.png, id=108, 562.1pt x 421.575pt>
File: FIG/4degreedist.png Graphic file (type png)
 <use FIG/4degreedist.png>
Package pdftex.def Info: FIG/4degreedist.png used on input line 219.
(pdftex.def)             Requested size: 140.92792pt x 105.69582pt.

[16 <./FIG/1pagerank.png (PNG copy)> <./FIG/1degreedist.png (PNG copy)> <./FIG/
2pagerank.png (PNG copy)> <./FIG/2degreedist.png (PNG copy)> <./FIG/3pagerank.p
ng (PNG copy)> <./FIG/3degreedist.png (PNG copy)>]
<FIG/5pagerank.png, id=112, 562.1pt x 421.575pt>
File: FIG/5pagerank.png Graphic file (type png)
 <use FIG/5pagerank.png>
Package pdftex.def Info: FIG/5pagerank.png used on input line 229.
(pdftex.def)             Requested size: 140.92792pt x 105.69582pt.

<FIG/5degreedist.png, id=113, 562.1pt x 421.575pt>
File: FIG/5degreedist.png Graphic file (type png)
 <use FIG/5degreedist.png>
Package pdftex.def Info: FIG/5degreedist.png used on input line 230.
(pdftex.def)             Requested size: 140.92792pt x 105.69582pt.

<FIG/6pagerank.png, id=114, 562.1pt x 421.575pt>
File: FIG/6pagerank.png Graphic file (type png)
 <use FIG/6pagerank.png>
Package pdftex.def Info: FIG/6pagerank.png used on input line 240.
(pdftex.def)             Requested size: 140.92792pt x 105.69582pt.

<FIG/6degreedist.png, id=115, 562.1pt x 421.575pt>
File: FIG/6degreedist.png Graphic file (type png)
 <use FIG/6degreedist.png>
Package pdftex.def Info: FIG/6degreedist.png used on input line 241.
(pdftex.def)             Requested size: 140.92792pt x 105.69582pt.

<FIG/7pagerank.png, id=116, 562.1pt x 421.575pt>
File: FIG/7pagerank.png Graphic file (type png)
 <use FIG/7pagerank.png>
Package pdftex.def Info: FIG/7pagerank.png used on input line 251.
(pdftex.def)             Requested size: 140.92792pt x 105.69582pt.

<FIG/7degreedist.png, id=117, 562.1pt x 421.575pt>
File: FIG/7degreedist.png Graphic file (type png)
 <use FIG/7degreedist.png>
Package pdftex.def Info: FIG/7degreedist.png used on input line 252.
(pdftex.def)             Requested size: 140.92792pt x 105.69582pt.

[17 <./FIG/4pagerank.png (PNG copy)> <./FIG/4degreedist.png (PNG copy)> <./FIG/
5pagerank.png (PNG copy)> <./FIG/5degreedist.png (PNG copy)> <./FIG/6pagerank.p
ng (PNG copy)> <./FIG/6degreedist.png (PNG copy)>]
<FIG/8pagerank.png, id=121, 562.1pt x 421.575pt>
File: FIG/8pagerank.png Graphic file (type png)
 <use FIG/8pagerank.png>
Package pdftex.def Info: FIG/8pagerank.png used on input line 262.
(pdftex.def)             Requested size: 140.92792pt x 105.69582pt.

<FIG/8degreedist.png, id=122, 562.1pt x 421.575pt>
File: FIG/8degreedist.png Graphic file (type png)
 <use FIG/8degreedist.png>
Package pdftex.def Info: FIG/8degreedist.png used on input line 263.
(pdftex.def)             Requested size: 140.92792pt x 105.69582pt.

<FIG/9pagerank.png, id=123, 562.1pt x 421.575pt>
File: FIG/9pagerank.png Graphic file (type png)
 <use FIG/9pagerank.png>
Package pdftex.def Info: FIG/9pagerank.png used on input line 273.
(pdftex.def)             Requested size: 140.92792pt x 105.69582pt.

<FIG/9degreedist.png, id=124, 562.1pt x 421.575pt>
File: FIG/9degreedist.png Graphic file (type png)
 <use FIG/9degreedist.png>
Package pdftex.def Info: FIG/9degreedist.png used on input line 274.
(pdftex.def)             Requested size: 140.92792pt x 105.69582pt.
File: FIG/1pagerank.png Graphic file (type png)

<use FIG/1pagerank.png>
Package pdftex.def Info: FIG/1pagerank.png used on input line 284.
(pdftex.def)             Requested size: 140.92792pt x 105.69582pt.
File: FIG/1degreedist.png Graphic file (type png)
 <use FIG/1degreedist.png>
Package pdftex.def Info: FIG/1degreedist.png used on input line 285.
(pdftex.def)             Requested size: 140.92792pt x 105.69582pt.
 [18 <./FIG/7pagerank.png (PNG copy)> <./FIG/7degreedist.png (PNG copy)> <./FIG
/8pagerank.png (PNG copy)> <./FIG/8degreedist.png (PNG copy)> <./FIG/9pagerank.
png (PNG copy)> <./FIG/9degreedist.png (PNG copy)>] <FIG/10pagerank.png, id=128
, 562.1pt x 421.575pt>
File: FIG/10pagerank.png Graphic file (type png)

<use FIG/10pagerank.png>
Package pdftex.def Info: FIG/10pagerank.png used on input line 295.
(pdftex.def)             Requested size: 140.92792pt x 105.69582pt.
 <FIG/10degreedist.png, id=129, 562.1pt x 421.575pt>
File: FIG/10degreedist.png Graphic file (type png)

<use FIG/10degreedist.png>
Package pdftex.def Info: FIG/10degreedist.png used on input line 296.
(pdftex.def)             Requested size: 140.92792pt x 105.69582pt.
) (./050conclusions.tex)
No file paper.bbl.
[19 <./FIG/10pagerank.png (PNG copy)> <./FIG/10degreedist.png (PNG copy)>]
(./099appendix.tex
Overfull \hbox (256.39375pt too wide) in paragraph at lines 35--37
[][][][][][][][][][][][][][][][][][][][][][][][][][] 
 []


Overfull \hbox (2.5942pt too wide) in paragraph at lines 39--40
[][][][][][][][][][][][][][][][][][][][][][][][][] 
 []


Overfull \hbox (87.19405pt too wide) in paragraph at lines 40--41
[][][][][][][][][][][][][][][][][][][][][][][][][][][][][][][][] 
 []


Overfull \hbox (291.64369pt too wide) in paragraph at lines 42--43
[][][][][][][][][][][][][][][][][][][][][][][][][][][][][][][][][][][][][][][][
] 
 []

[20]
Overfull \hbox (87.19405pt too wide) in paragraph at lines 46--47
[][][][][][][][][][][][][][][][][][][][][][][][][][][][][][][][] 
 []


Overfull \hbox (214.09383pt too wide) in paragraph at lines 48--51
[][][][][][][][][][][][][][][][][][][][][][][][][][][][][][][][][][] 
 []


Overfull \hbox (122.44398pt too wide) in paragraph at lines 62--64
[][][][][][][][][][][][][][][][][][][][][][] 
 []


Overfull \hbox (101.29402pt too wide) in paragraph at lines 71--72
[][][][][][][][][][][][][][][][][][][] 
 []


Overfull \hbox (94.24403pt too wide) in paragraph at lines 72--73
[][][][][][][][][][][][][][][][][] 
 []


Overfull \hbox (115.394pt too wide) in paragraph at lines 73--74
[][][][][][][][][][][][][][][][][][][] 
 []


Overfull \hbox (108.34401pt too wide) in paragraph at lines 74--75
[][][][][][][][][][][][][][][][][] 
 []


Overfull \hbox (122.44398pt too wide) in paragraph at lines 75--76
[][][][][][][][][][][][][][][][][][][] 
 []


Overfull \hbox (115.394pt too wide) in paragraph at lines 76--78
[][][][][][][][][][][][][][][][][] 
 []


Overfull \hbox (171.7939pt too wide) in paragraph at lines 78--79
[][][][][][][][][][][][][][][][][][][][][][] 
 []


Overfull \hbox (66.04408pt too wide) in paragraph at lines 79--81
[][][][][][][][][][][][][][][][][] 
 []


Overfull \hbox (58.9941pt too wide) in paragraph at lines 81--82
[][][][][][][][][][][][][][][][][][][] 
 []


Overfull \hbox (80.14406pt too wide) in paragraph at lines 82--85
[][][][][][][][][][][][][][][][][] 
 []


Overfull \hbox (80.14406pt too wide) in paragraph at lines 85--86
[][][][][][][][][][][][][][][][][][][] 
 []


Overfull \hbox (80.14406pt too wide) in paragraph at lines 86--88
[][][][][][][][][][][][][][][][][] 
 []

[21]
Overfull \hbox (23.74416pt too wide) in paragraph at lines 88--89
[][][][][][][][][][][][][][][][][][][] 
 []


Overfull \hbox (66.04408pt too wide) in paragraph at lines 89--91
[][][][][][][][][][][][][][][][][] 
 []


Overfull \hbox (58.9941pt too wide) in paragraph at lines 92--93
[][][][][][][][][][][][][][][][][][][] 
 []


Overfull \hbox (66.04408pt too wide) in paragraph at lines 93--95
[][][][][][][][][][][][][][][][][] 
 []


Overfull \hbox (9.64418pt too wide) in paragraph at lines 95--96
[][][][][][][][][][][][][][][][][][][] 
 []


Overfull \hbox (66.04408pt too wide) in paragraph at lines 96--98
[][][][][][][][][][][][][][][][][] 
 []


Overfull \hbox (101.29402pt too wide) in paragraph at lines 98--99
[][][][][][][][][][][][][][][][][][][][][][] 
 []


Overfull \hbox (66.04408pt too wide) in paragraph at lines 99--102
[][][][][][][][][][][][][][][][][] 
 []


Overfull \hbox (51.9441pt too wide) in paragraph at lines 118--119
[][][][][][][][][][][][][][][][] 
 []


Overfull \hbox (73.09407pt too wide) in paragraph at lines 120--121
[][][][][][][][][][][][][][][][][][] 
 []


Overfull \hbox (284.5937pt too wide) in paragraph at lines 122--123
[][][][][][][][][][][][][][][][][][][][][][][][][][][][][] 
 []


Overfull \hbox (312.79366pt too wide) in paragraph at lines 123--124
[][][][][][][][][][][][][][][][][][][][][][][][][][][][][][][][][][][][][][][][
][][][][] 
 []


Overfull \hbox (404.4435pt too wide) in paragraph at lines 124--125
[][][][][][][][][][][][][][][][][][][][][][][][][][][][][][][][][][][][][][][][
][][][][] 
 []

LaTeX Font Info:    Try loading font information for OML+cmr on input line 127.

(/usr/local/texlive/2014/texmf-dist/tex/latex/base/omlcmr.fd
File: omlcmr.fd 1999/05/25 v2.5h Standard LaTeX font definitions
)
LaTeX Font Info:    Font shape `OML/cmr/m/n' in size <12> not available
(Font)              Font shape `OML/cmm/m/it' tried instead on input line 127.
 [22]
Overfull \hbox (214.09383pt too wide) in paragraph at lines 129--130
[][][][][][][][][][][][][][][][][][][][][][][][][][][][][][][][][][][][][] 
 []


Overfull \hbox (122.44398pt too wide) in paragraph at lines 130--131
[][][][][][][][][][][][][][][][][][][][][][][][][][][][] 
 []


Overfull \hbox (298.69368pt too wide) in paragraph at lines 131--132
[][][][][][][][][][][][][][][][][][][][][][][][][][][][][] 
 []


Overfull \hbox (362.14357pt too wide) in paragraph at lines 132--133
[][][][][][][][][][][][][][][][][][][][][][][][][][][][][] 
 []


Overfull \hbox (30.79414pt too wide) in paragraph at lines 133--134
[][][][][][][][][][][][][][][][] 
 []


Overfull \hbox (1497.1916pt too wide) in paragraph at lines 135--136
[][][][][][][][][][][][][][][][][][][][][][][][][][][][][][][][][][][][][][][][
][][][][][][][][][][][][][][][][][][][][][][][][][][][][][][][][][][][][][][][]
[][][][][][][][][][][][][][][][][][] 
 []


Overfull \hbox (1645.24135pt too wide) in paragraph at lines 136--137
[][][][][][][][][][][][][][][][][][][][][][][][][][][][][][][][][][][][][][][][
][][][][][][][][][][][][][][][][][][][][][][][][][][][][][][][][][][][][][][][]
[][][][][][][][][][][][][][][][][][][][][][][][][][][][][][][][][][][][][][][][
][][] 
 []


Overfull \hbox (1765.09114pt too wide) in paragraph at lines 137--138
[][][][][][][][][][][][][][][][][][][][][][][][][][][][][][][][][][][][][][][][
][][][][][][][][][][][][][][][][][][][][][][][][][][][][][][][][][][][][][][][]
[][][][][][][][][][][][][][][][][][][][][][][][][][][][][][][][][][][][][][][][
] 
 []


Overfull \hbox (87.19405pt too wide) in paragraph at lines 141--142
[][][][][][][][][][][][][][][][][][] 
 []


Overfull \hbox (9.64418pt too wide) in paragraph at lines 142--143
[][][][][][][][][][][][] 
 []


Overfull \hbox (348.0436pt too wide) in paragraph at lines 144--145
[][][][][][][][][][][][][][][][][][][][][][][][][][][][][][][][][] 
 []


Overfull \hbox (122.44398pt too wide) in paragraph at lines 145--146
[][][][][][][][][][][][][][][][][][][][][][] 
 []


Overfull \hbox (51.9441pt too wide) in paragraph at lines 146--147
[][][][][][][][][][][][][][][][][][][][] 
 []


Overfull \hbox (66.04408pt too wide) in paragraph at lines 149--150
[][][][][][][][][][][][][][][][][][][][] 
 []


Overfull \hbox (101.29402pt too wide) in paragraph at lines 150--151
[][][][][][][][][][][][][][][][][][][][][] 
 []


Overfull \hbox (23.74416pt too wide) in paragraph at lines 165--166
[][][][][][][][][][][][][][][][][][][][][][][] 
 []

[23]
Overfull \hbox (16.69417pt too wide) in paragraph at lines 172--173
[][][][][][][][][][][][][][][] 
 []


Overfull \hbox (30.79414pt too wide) in paragraph at lines 173--174
[][][][][][][][][][][][][][][][] 
 []


Overfull \hbox (171.7939pt too wide) in paragraph at lines 176--177
[][][][][][][][][][][][][][][][][][][] 
 []


Overfull \hbox (122.44398pt too wide) in paragraph at lines 177--178
[][][][][][][][][][][][][][][][][][][][][][][][][][][][][][][][][][] 
 []


Overfull \hbox (150.64394pt too wide) in paragraph at lines 179--180
[][][][][][][][][][][][][][][][][][][][][][][][] 
 []


Overfull \hbox (601.84315pt too wide) in paragraph at lines 180--181
[][][][][][][][][][][][][][][][][][][][][][][][][][][][][][][][][][][][][][][][
][] 
 []


Overfull \hbox (44.89412pt too wide) in paragraph at lines 181--182
[][][][][][][][][][][][][][][][][][][][][] 
 []


Overfull \hbox (30.79414pt too wide) in paragraph at lines 183--184
[][][][][][][][][][][][][][][][][][][][][][] 
 []


Overfull \hbox (390.34352pt too wide) in paragraph at lines 186--187
[][][][][][][][][][][][][][][][][][][][][][][][][][][][][][][][][] 
 []


Overfull \hbox (30.79414pt too wide) in paragraph at lines 188--189
[][][][][][][][][][][][][][][] 
 []


Overfull \hbox (66.04408pt too wide) in paragraph at lines 189--190
[][][][][][][][][][][][][][][] 
 []


Overfull \hbox (115.394pt too wide) in paragraph at lines 190--191
[][][][][][][][][][][][][][][][] 
 []


Overfull \hbox (94.24403pt too wide) in paragraph at lines 196--197
[][][][][][][][][][][][][][][][][][][][][][][][][][][] 
 []


Overfull \hbox (679.39302pt too wide) in paragraph at lines 200--201
[][][][][][][][][][][][][][][][][][][][][][][][][][][][][][][][][][][][][][][][
][][][][][][][][][][][][][][][][][][][][] 
 []


Overfull \hbox (199.99385pt too wide) in paragraph at lines 204--205
[][][][][][][][][][][][][][][][][][][] 
 []


Overfull \hbox (968.44252pt too wide) in paragraph at lines 205--206
[][][][][][][][][][][][][][][][][][][][][][][][][][][][][][][][][][][][][][][][
][][][][][][][][][][][][][][][][][][][][][][][][][][][][][][][][][][][][] 
 []


Overfull \hbox (115.394pt too wide) in paragraph at lines 206--207
[][][][][][][][][][][][][][][][][][][] 
 []


Overfull \hbox (143.59395pt too wide) in paragraph at lines 207--208
[][][][][][][][][][][][][][][][][][][] 
 []

[24]
Overfull \hbox (87.19405pt too wide) in paragraph at lines 217--218
[][][] 
 []


Overfull \hbox (37.84413pt too wide) in paragraph at lines 222--223
[][][][][][][][][][][][][][][][][][][][][][][][][][][][][][][] 
 []


Overfull \hbox (51.9441pt too wide) in paragraph at lines 225--226
[][][][][][][][][][][][][][][][][][] 
 []


Overfull \hbox (9.64418pt too wide) in paragraph at lines 226--228
[][][][][][][][][][][][] 
 []


Overfull \hbox (348.0436pt too wide) in paragraph at lines 229--230
[][][][][][][][][][][][][][][][][][][][][][][][][][][][][][][][][] 
 []


Overfull \hbox (122.44398pt too wide) in paragraph at lines 230--231
[][][][][][][][][][][][][][][][][][][][][][] 
 []


Overfull \hbox (16.69417pt too wide) in paragraph at lines 231--232
[][][][][][][][][][][][][][][][][][][][] 
 []


Overfull \hbox (66.04408pt too wide) in paragraph at lines 234--235
[][][][][][][][][][][][][][][][][][][][] 
 []


Overfull \hbox (66.04408pt too wide) in paragraph at lines 235--236
[][][][][][][][][][][][][][][][][][][][][] 
 []


Overfull \hbox (192.94386pt too wide) in paragraph at lines 249--250
[][][][][][][][][][][][][][][][][][][][][] 
 []


Overfull \hbox (207.04384pt too wide) in paragraph at lines 250--251
[][][][][][][][][][][][][][][][][][][][][] 
 []


Overfull \hbox (214.09383pt too wide) in paragraph at lines 251--253
[][][][][][][][][][][][][][][][][][][][][] 
 []


Overfull \hbox (221.14381pt too wide) in paragraph at lines 254--255
[][][][][][][][][][][][][][][][][][][][][][][][][][][][][] 
 []

[25]
Overfull \hbox (228.1938pt too wide) in paragraph at lines 258--259
[][][][][][][][][][][][][][][][][][][][][][][][][][][][][] 
 []


Overfull \hbox (157.69392pt too wide) in paragraph at lines 262--263
[][][][][][][][][][][][][][][][][][][][][][][][][][][][] 
 []


Overfull \hbox (66.04408pt too wide) in paragraph at lines 264--265
[][][][][][][][][][][][][][][][][][][] 
 []


Overfull \hbox (298.69368pt too wide) in paragraph at lines 267--268
[][][][][][][][][][][][][][][][][][][][][][][][][][][][][][][] 
 []


Overfull \hbox (73.09407pt too wide) in paragraph at lines 274--275
[][][][][][][] 
 []


Overfull \hbox (9.64418pt too wide) in paragraph at lines 275--276
[][][][][][][][][][][][][][][][][][] 
 []


Overfull \hbox (192.94386pt too wide) in paragraph at lines 276--278
[][][][][][][][][][][][][][][][] 
 []


Overfull \hbox (284.5937pt too wide) in paragraph at lines 285--287
[][][][][][][][][][][][][][][][][][][][][][][][][][] 
 []


Overfull \hbox (228.1938pt too wide) in paragraph at lines 289--290
[][][][][][][][][][][][][][][][][][][][][][][][][][][][][][][][][][][][][][][] 

 []


Overfull \hbox (362.14357pt too wide) in paragraph at lines 290--291
[][][][][][][][][][][][][][][][][][][][][][][][][][][][][][][][][][][][][][][][
][][][][][][][][] 
 []


Overfull \hbox (277.54372pt too wide) in paragraph at lines 296--297
[][][][][][][][][][][][][][][][][][][][][][][][][][][][] 
 []

[26]
Overfull \hbox (397.39351pt too wide) in paragraph at lines 301--302
[][][][][][][][][][][][][][][][][][][][][][][][][][][][][][] 
 []


Overfull \hbox (228.1938pt too wide) in paragraph at lines 306--308
[][][][][][][][][][][][][][][][][][][][][] 
 []


Overfull \hbox (51.9441pt too wide) in paragraph at lines 310--311
[][][][][][][][][][][][][][][][][][][][] 
 []


Overfull \hbox (376.24355pt too wide) in paragraph at lines 311--312
[][][][][][][][][][][][][][][][][][][][][][][][][][][][][][][][][] 
 []


Overfull \hbox (66.04408pt too wide) in paragraph at lines 312--313
[][][][][][][][][][][][][][][][][][][][][][][][][] 
 []


Overfull \hbox (58.9941pt too wide) in paragraph at lines 313--314
[][][][][][][][][][][][][][][][][][][][][] 
 []


Overfull \hbox (115.394pt too wide) in paragraph at lines 315--316
[][][][][][][][][][][][][][][][][][][][][][][] 
 []


Overfull \hbox (418.54347pt too wide) in paragraph at lines 316--317
[][][][][][][][][][][][][][][][][][][][][][][][][][][][][][][][][][][][][][][][
][][][][][] 
 []


Overfull \hbox (2.5942pt too wide) in paragraph at lines 321--322
[][][][][][][][][][][][][][][][][][][] 
 []


Overfull \hbox (87.19405pt too wide) in paragraph at lines 322--324
[][][][][][][][][][][][][][][][][][] 
 []


Overfull \hbox (9.64418pt too wide) in paragraph at lines 325--326
[][][][][][][][][][][][][][][] 
 []


Overfull \hbox (122.44398pt too wide) in paragraph at lines 326--327
[][][][][][][][][][][][][][][][][] 
 []


Overfull \hbox (87.19405pt too wide) in paragraph at lines 327--329
[][][][][][][][][][][][][][][][] 
 []


Overfull \hbox (2.5942pt too wide) in paragraph at lines 330--332
[][][][][][][][][][][][][][][][][][][][][][][][][][][][][][] 
 []


Overfull \hbox (9.64418pt too wide) in paragraph at lines 332--333
[][][][][][][][][][][][][][][][] 
 []

[27]
Overfull \hbox (30.79414pt too wide) in paragraph at lines 351--352
[][][][][][][][][][][][][][][] 
 []


Overfull \hbox (44.89412pt too wide) in paragraph at lines 352--354
[][][][][][][][][][][][][][][][] 
 []


Overfull \hbox (185.89388pt too wide) in paragraph at lines 355--357
[][][][][][][][][][][][][][][][][][][] 
 []


Overfull \hbox (136.54396pt too wide) in paragraph at lines 357--358
[][][][][][][][][][][][][][][][][][][][][][][][][][][][][][][][][][] 
 []


Overfull \hbox (164.74391pt too wide) in paragraph at lines 359--360
[][][][][][][][][][][][][][][][][][][][][][][][] 
 []


Overfull \hbox (545.44325pt too wide) in paragraph at lines 360--361
[][][][][][][][][][][][][][][][][][][][][][][][][][][][][][][][][][][][][][][][
][] 
 []


Overfull \hbox (58.9941pt too wide) in paragraph at lines 361--362
[][][][][][][][][][][][][][][][][][][][][] 
 []


Overfull \hbox (9.64418pt too wide) in paragraph at lines 363--364
[][][][][][][][][][][][][][][][][][][][][][] 
 []


Overfull \hbox (369.19356pt too wide) in paragraph at lines 367--369
[][][][][][][][][][][][][][][][][][][][][][][][][][][][][][][][][] 
 []


Overfull \hbox (9.64418pt too wide) in paragraph at lines 370--371
[][][][][][][][][][][][][][][] 
 []


Overfull \hbox (80.14406pt too wide) in paragraph at lines 371--372
[][][][][][][][][][][][][][][] 
 []


Overfull \hbox (129.49397pt too wide) in paragraph at lines 372--374
[][][][][][][][][][][][][][][][] 
 []


Overfull \hbox (73.09407pt too wide) in paragraph at lines 380--381
[][][][][][][][][][][][][][][][][][][][][][][][][][][] 
 []

[28]
Overfull \hbox (2.5942pt too wide) in paragraph at lines 391--393
[][][][][][][][][][][][][][][][] 
 []


Overfull \hbox (376.24355pt too wide) in paragraph at lines 402--404
[][][][][][][][][][][][][][][][][][][][][][][][][][][][][][][][] 
 []


Overfull \hbox (150.64394pt too wide) in paragraph at lines 410--411
[][][][][][][][][][][][][][][][][][][] 
 []


Overfull \hbox (16.69417pt too wide) in paragraph at lines 412--413
[][][][][][][][][][][][][][][][][][][][][][] 
 []


Overfull \hbox (108.34401pt too wide) in paragraph at lines 413--414
[][][][][][][][][][][][][][][][][][][][][][][][][] 
 []


Overfull \hbox (101.29402pt too wide) in paragraph at lines 414--415
[][][][][][][][][][][][][][][][][][][][][][][] 
 []


Overfull \hbox (37.84413pt too wide) in paragraph at lines 415--416
[][][][][][][][][][][][][][][][][][][][][][] 
 []


Overfull \hbox (192.94386pt too wide) in paragraph at lines 417--418
[][][][][][][][][][][][][][][][][][][][][][][][][][][][][][][][] 
 []


Overfull \hbox (298.69368pt too wide) in paragraph at lines 421--423
[][][][][][][][][][][][][][][][][][][][][][][][][][][][][][][][][] 
 []

[29]
Overfull \hbox (2.5942pt too wide) in paragraph at lines 429--430
[][][][][][][][][][][][][][][] 
 []


Overfull \hbox (9.64418pt too wide) in paragraph at lines 430--431
[][][][][][][][][][][][][][][][][] 
 []


Overfull \hbox (58.9941pt too wide) in paragraph at lines 431--435
[][][][][][][][][][][][][][][][][][][][][][][] 
 []


Overfull \hbox (108.34401pt too wide) in paragraph at lines 435--437
[][][][][][][][][][][][][][][][][][][] 
 []


Overfull \hbox (87.19405pt too wide) in paragraph at lines 439--440
[][][][][][][][][][][][][][][][][][][][][][][][][][] 
 []


Overfull \hbox (291.64369pt too wide) in paragraph at lines 442--443
[][][][][][][][][][][][][][][][][][][][][][][][][][][][][][][][][][][][][][][][
][][][][][] 
 []


Overfull \hbox (122.44398pt too wide) in paragraph at lines 443--445
[][][][][][][][][][][][][][][][][][][][][][][][][][][] 
 []


Overfull \hbox (242.29378pt too wide) in paragraph at lines 446--447
[][][][][][][][][][][][][][][][][][][][][][][][][][][][][][][][][][][][][][] 
 []


Overfull \hbox (73.09407pt too wide) in paragraph at lines 463--464
[][][][][][][] 
 []

[30]
Overfull \hbox (214.09383pt too wide) in paragraph at lines 473--475
[][][][][][][][][][][][][][][][][][][][][][][][][][] 
 []


Overfull \hbox (2.5942pt too wide) in paragraph at lines 476--477
[][][][][][][][][][][][][][][][][][][][][][][][][][][][][][][][][][][][][][][][
] 
 []


Overfull \hbox (214.09383pt too wide) in paragraph at lines 483--485
[][][][][][][][][][][][][][][][][][][][][][][][][][][][][][][][][][][][][][][][
][][][] 
 []


Overfull \hbox (242.29378pt too wide) in paragraph at lines 491--492
[][][][][][][][][][][][][][][][][][][][][][][][][][] 
 []


Overfull \hbox (30.79414pt too wide) in paragraph at lines 492--493
[][][][][][][][][][][][][][][][][][][][][][][][][][][][][][][][][][][][][][][][
] 
 []


Overfull \hbox (348.0436pt too wide) in paragraph at lines 493--494
[][][][][][][][][][][][][][][][][][][][][][][][][][][][][][][][][][][][][][][][
][][][][][][][][][][][][][][][][][][][][][][][][] 
 []


Overfull \hbox (376.24355pt too wide) in paragraph at lines 494--495
[][][][][][][][][][][][][][][][][][][][][][][][][][][][][][][][][][][][][][][][
][][][][][][][][][][][][][][][][][][][][][][][][] 
 []


Overfull \hbox (185.89388pt too wide) in paragraph at lines 495--496
[][][][][][][][][][][][][][][][][][][][][][][][][][][][][][][][][][][][][][][][
][][][][][][][][] 
 []


Overfull \hbox (178.84389pt too wide) in paragraph at lines 496--497
[][][][][][][][][][][][][][][][][][][][][][][][][][][][][][][][][][][][][][][][
][][][][][][][][] 
 []


Overfull \hbox (270.49373pt too wide) in paragraph at lines 502--503
[][][][][][][][][][][][][][][][][][][][][][][][][][] 
 []


Overfull \hbox (355.09358pt too wide) in paragraph at lines 503--504
[][][][][][][][][][][][][][][][][][][][][][][][][][][][][][][][][][][][][][][][
][][][][][][][][][][][][][][] 
 []


Overfull \hbox (333.94362pt too wide) in paragraph at lines 505--506
[][][][][][][][][][][][][][][][][][][][][][][][][][] 
 []


Overfull \hbox (242.29378pt too wide) in paragraph at lines 506--507
[][][][][][][][][][][][][][][][][][][][][][][][][][][][][][][][][] 
 []

[31]
Overfull \hbox (185.89388pt too wide) in paragraph at lines 507--508
[][][][][][][][][][][][][][][][][][][][][][] 
 []


Overfull \hbox (270.49373pt too wide) in paragraph at lines 508--509
[][][][][][][][][][][][][][][][][][][][][][][][][][] 
 []


Overfull \hbox (122.44398pt too wide) in paragraph at lines 509--511
[][][][][][][][][][][][][][][][][][][][][][][][][][][][][][][][][][][][][][][][
] 
 []


Overfull \hbox (305.74367pt too wide) in paragraph at lines 513--514
[][][][][][][][][][][][][][][][][][][][][][][][][][] 
 []


Overfull \hbox (214.09383pt too wide) in paragraph at lines 514--515
[][][][][][][][][][][][][][][][][][][][][][][][][][][][][][][][][] 
 []


Overfull \hbox (185.89388pt too wide) in paragraph at lines 515--516
[][][][][][][][][][][][][][][][][][][][][][] 
 []


Overfull \hbox (242.29378pt too wide) in paragraph at lines 516--517
[][][][][][][][][][][][][][][][][][][][][][][][][][] 
 []


Overfull \hbox (94.24403pt too wide) in paragraph at lines 517--519
[][][][][][][][][][][][][][][][][][][][][][][][][][][][][][][][][][][][][][][][
] 
 []


Overfull \hbox (115.394pt too wide) in paragraph at lines 535--537
[][][][][][][][][][][][][][][][][][][][][][][][][][][][][][][][][][][] 
 []


Overfull \hbox (235.24379pt too wide) in paragraph at lines 539--540
[][][][][][][][][][][][][][][][][][][][][][][][][][] 
 []


Overfull \hbox (235.24379pt too wide) in paragraph at lines 540--542
[][][][][][][][][][][][][][][][][][][][][][][][][][] 
 []


Overfull \hbox (214.09383pt too wide) in paragraph at lines 542--543
[][][][][][][][][][][][][][][][][][][][][][][][][][] 
 []


Overfull \hbox (199.99385pt too wide) in paragraph at lines 543--545
[][][][][][][][][][][][][][][][][][][][][][][][][][][][][][][][][][][][][][][][
][][][][][][][][][][][] 
 []


Overfull \hbox (23.74416pt too wide) in paragraph at lines 545--546
[][][][][][][][][][][][][][][][][][][][][][][][][][][][][][][][][][][][][][][][
] 
 []

[32]
Overfull \hbox (263.44374pt too wide) in paragraph at lines 556--558
[][][][][][][][][][][][][][][][][][][][][][][][][][] 
 []


Overfull \hbox (171.7939pt too wide) in paragraph at lines 559--560
[][][][][][][][][][][][][][][][][][][][][][][][][][][][][][][][][] 
 []


Overfull \hbox (185.89388pt too wide) in paragraph at lines 560--562
[][][][][][][][][][][][][][][][][][][][][][] 
 []


Overfull \hbox (80.14406pt too wide) in paragraph at lines 564--565
[][][][][][][][][][][][][][][][][][][][][][][][][][][][][][][][][][][][][][][][
] 
 []


Overfull \hbox (333.94362pt too wide) in paragraph at lines 568--569
[][][][][][][][][][][][][][][][][][][][][][][][][][] 
 []


Overfull \hbox (263.44374pt too wide) in paragraph at lines 569--570
[][][][][][][][][][][][][][][][][][][][][][][][][][][][][][][][][] 
 []


Overfull \hbox (185.89388pt too wide) in paragraph at lines 570--572
[][][][][][][][][][][][][][][][][][][][][][] 
 []


Overfull \hbox (291.64369pt too wide) in paragraph at lines 572--573
[][][][][][][][][][][][][][][][][][][][][][][][][][] 
 []


Overfull \hbox (143.59395pt too wide) in paragraph at lines 573--574
[][][][][][][][][][][][][][][][][][][][][][][][][][][][][][][][][][][][][][][][
] 
 []


Overfull \hbox (199.99385pt too wide) in paragraph at lines 576--577
[][][][][][][][][][][][][][][][][][][][][][][][][][][][][][][][][][][][][][][][
][][] 
 []

[33]
Overfull \hbox (44.89412pt too wide) in paragraph at lines 593--595
[][][][][][][][][][][][][][][][][][][][][][][] 
 []


Overfull \hbox (9.64418pt too wide) in paragraph at lines 615--616
[][][][][][][][][][][][][][][][][] 
 []


Overfull \hbox (242.29378pt too wide) in paragraph at lines 619--621
[][][][][][][][][][][][][][][][][][][][][][][][][][] 
 []


Overfull \hbox (298.69368pt too wide) in paragraph at lines 621--623
[][][][][][][][][][][][][][][][][][][][][][][][][][] 
 []


Overfull \hbox (199.99385pt too wide) in paragraph at lines 631--632
[][][][][][][][][][][][][][][][][][][][][] 
 []


Overfull \hbox (185.89388pt too wide) in paragraph at lines 632--633
[][][][][][][][][][][][][][][][][][][][] 
 []

[34]
Overfull \hbox (58.9941pt too wide) in paragraph at lines 633--635
[][][][][][][][][][][][][][][][][][][][][][] 
 []


Overfull \hbox (305.74367pt too wide) in paragraph at lines 635--637
[][][][][][][][][][][][][][][][][][][][][][][][][][][][][][][][][][] 
 []


Overfull \hbox (157.69392pt too wide) in paragraph at lines 637--638
[][][][][][][][][][][][][][][][][][][][][] 
 []


Overfull \hbox (312.79366pt too wide) in paragraph at lines 641--642
[][][][][][][][][][][][][][][][][][][][][][][][][][][][][][][][][][][][][][][][
][] 
 []


Overfull \hbox (108.34401pt too wide) in paragraph at lines 642--643
[][][][][][][][][][][] 
 []


Overfull \hbox (94.24403pt too wide) in paragraph at lines 643--644
[][][][][][][][][][][][][][][][][][][][][][][][][][][][][][][] 
 []


Overfull \hbox (312.79366pt too wide) in paragraph at lines 644--645
[][][][][][][][][][][][][][] 
 []


Overfull \hbox (235.24379pt too wide) in paragraph at lines 645--647
[][][][][][][][][][][][][][][][][][][][][][][][][][][][][][][][][] 
 []


Overfull \hbox (178.84389pt too wide) in paragraph at lines 650--651
[][][][][][][][][][][][][][][][][][][][][][][][][][][][][][][][][][][][][][][][
][][][] 
 []


Overfull \hbox (228.1938pt too wide) in paragraph at lines 652--653
[][][][][][][][][][][][][][][][][][][][][][][][][][][][][][][][][][][][][][][][
][][][][] 
 []


Overfull \hbox (228.1938pt too wide) in paragraph at lines 653--655
[][][][][][][][][][][][][][][][][][][][][][][][][][][][][][][][][][][][][][][][
][][][][] 
 []


Overfull \hbox (44.89412pt too wide) in paragraph at lines 659--660
[][][][][][][][][][][][][][][][][][][][][][][][][][][][][][] 
 []


Overfull \hbox (284.5937pt too wide) in paragraph at lines 665--667
[][][][][][][][][][][][][][][][][][][][][][] 
 []


Overfull \hbox (51.9441pt too wide) in paragraph at lines 668--669
[][][][][][][][][][][][][][][][][][][][][][][][][][][] 
 []


Overfull \hbox (44.89412pt too wide) in paragraph at lines 669--671
[][][][][][][][][][][][][][][][][][][][][][][][][] 
 []

[35]
Overfull \hbox (9.64418pt too wide) in paragraph at lines 678--679
[][][][][][][][][][][][][][][][][][][][][][] 
 []


Overfull \hbox (249.34377pt too wide) in paragraph at lines 680--682
[][][][][][][][][][][][][][][][][][][][][] 
 []


Overfull \hbox (298.69368pt too wide) in paragraph at lines 682--683
[][][][][][][][][][][][][][][][][][][][][][][][][] 
 []


Overfull \hbox (207.04384pt too wide) in paragraph at lines 683--685
[][][][][][][][][][][][][][][][][][][][][][][][][][][][][][] 
 []


Overfull \hbox (298.69368pt too wide) in paragraph at lines 686--688
[][][][][][][][][][][][][][][][][][][][][][][][][][][][][][][][][][] 
 []


Overfull \hbox (249.34377pt too wide) in paragraph at lines 688--689
[][][][][][][][][][][][][][][][][][][][][] 
 []


Overfull \hbox (199.99385pt too wide) in paragraph at lines 691--692
[][][][][][][][][][][][][][][][][][][][][][][][][][][][][][][][][][] 
 []


Overfull \hbox (199.99385pt too wide) in paragraph at lines 692--693
[][][][][][][][][][][][][][][][][][][][][][][][][][][][][][][][][] 
 []


Overfull \hbox (23.74416pt too wide) in paragraph at lines 693--695
[][][][][][][][][][][][][][][][][][][] 
 []


Overfull \hbox (242.29378pt too wide) in paragraph at lines 697--698
[][][][][][][][][][][][][][][][][][][][][] 
 []


Overfull \hbox (235.24379pt too wide) in paragraph at lines 698--700
[][][][][][][][][][][][][][][][][][][][][][][][][][][][][][][][][][][][][][][][
] 
 []


Overfull \hbox (30.79414pt too wide) in paragraph at lines 702--705
[][][][][][][][][][][][][][][][][][][] 
 []


Overfull \hbox (178.84389pt too wide) in paragraph at lines 709--710
[][][][][][][][][][][][][][][][][][][][][] 
 []


Overfull \hbox (185.89388pt too wide) in paragraph at lines 710--711
[][][][][][][][][][][][][][][][][][][][][][][][][][][][][][][][][][][][][][][][
] 
 []


Overfull \hbox (178.84389pt too wide) in paragraph at lines 713--714
[][][][][][][][][][][][][][][][][][][][][] 
 []


Overfull \hbox (164.74391pt too wide) in paragraph at lines 714--715
[][][][][][][][][][][][][][][][][][][][][][][][][][][][][][][][][][][][][][][][
] 
 []

[36]
Overfull \hbox (228.1938pt too wide) in paragraph at lines 720--722
[][][][][][][][][][][][][][][][][][][][][][] 
 []


Overfull \hbox (157.69392pt too wide) in paragraph at lines 722--724
[][][][][][][][][][][][][][][][][][][][][] 
 []


Overfull \hbox (129.49397pt too wide) in paragraph at lines 727--728
[][][][][][][][][][][][][][][][][][][][][][][][][][][][][][][][] 
 []


Overfull \hbox (23.74416pt too wide) in paragraph at lines 728--730
[][][][][][][][][][][][][][][][][][][][][][][][] 
 []


Overfull \hbox (305.74367pt too wide) in paragraph at lines 735--737
[][][][][][][][][][][][][][][][][][][][][][][][][][] 
 []


Overfull \hbox (263.44374pt too wide) in paragraph at lines 737--738
[][][][][][][][][][][][][][][][][][][][][][][][][][][][][][][][][][][][][][][][
][] 
 []


Overfull \hbox (164.74391pt too wide) in paragraph at lines 741--742
[][][][][][][][][][][][][][][][][][][][][] 
 []


Overfull \hbox (214.09383pt too wide) in paragraph at lines 742--743
[][][][][][][][][][][][][][][][][][][][][][][][][] 
 []


Overfull \hbox (178.84389pt too wide) in paragraph at lines 743--745
[][][][][][][][][][][][][][][][][][][][][][][][][][][][][][] 
 []


Overfull \hbox (256.39375pt too wide) in paragraph at lines 745--746
[][][][][][][][][][][][][][][][][][][][][][][][][][][][][][][][][][][][][][][][
][] 
 []


Overfull \hbox (326.89363pt too wide) in paragraph at lines 752--753
[][][][][][][][][][][][][][][][][][][][][][][][][][][][][][][][][][][][] 
 []


Overfull \hbox (192.94386pt too wide) in paragraph at lines 753--755
[][][][][][][][][][][][][][][][][][][][][][][][][] 
 []

[37]
Overfull \hbox (73.09407pt too wide) in paragraph at lines 774--775
[][][][][][][] 
 []


Overfull \hbox (171.7939pt too wide) in paragraph at lines 776--778
[][][][][][][][][][][][][][][][] 
 []


Overfull \hbox (312.79366pt too wide) in paragraph at lines 788--789
[][][][][][][][][][][][][][][][][][][][][][][][][][][][][][][][][][][][][][][][
][][][] 
 []


Overfull \hbox (108.34401pt too wide) in paragraph at lines 795--796
[][][][][][][][][][][][][][][][][][][][][][][][][][][][][][][][][][][][][][][][
][][][][] 
 []

[38]
Overfull \hbox (221.14381pt too wide) in paragraph at lines 803--804
[][][][][][][][][][][][][][][][][][][][][][][] 
 []


Overfull \hbox (207.04384pt too wide) in paragraph at lines 804--806
[][][][][][][][][][][][][][][][][][][][][][][] 
 []


Overfull \hbox (2.5942pt too wide) in paragraph at lines 807--808
[][][][][][][][][][][][][][][] 
 []


Overfull \hbox (51.9441pt too wide) in paragraph at lines 808--809
[][][][][][][][][][][][][][][][][] 
 []


Overfull \hbox (207.04384pt too wide) in paragraph at lines 814--816
[][][][][][][][][][][][][][][][][][][][][] 
 []


Overfull \hbox (30.79414pt too wide) in paragraph at lines 818--819
[][][][][][][][][][][][][][][][][][][][] 
 []


Overfull \hbox (207.04384pt too wide) in paragraph at lines 819--820
[][][][][][][][][][][][][][][][][][][][][][][][][][][][][][][][][][] 
 []


Overfull \hbox (101.29402pt too wide) in paragraph at lines 820--821
[][][][][][][][][][][][][][][][][][][][][][][][][] 
 []


Overfull \hbox (58.9941pt too wide) in paragraph at lines 821--822
[][][][][][][][][][][][][][][][][][][][][] 
 []


Overfull \hbox (340.9936pt too wide) in paragraph at lines 823--824
[][][][][][][][][][][][][][][][][][][][][][][][][][][][][][][][][][][][][] 
 []


Overfull \hbox (178.84389pt too wide) in paragraph at lines 824--825
[][][][][][][][][][][][][][][][][][][][][][][][][][][][][][][][][] 
 []


Overfull \hbox (37.84413pt too wide) in paragraph at lines 825--826
[][][][][][][][][][][][][][][][][][][][][] 
 []


Overfull \hbox (37.84413pt too wide) in paragraph at lines 827--828
[][][][][][][][][][][][][][][][][][][][][] 
 []


Overfull \hbox (270.49373pt too wide) in paragraph at lines 832--834
[][][][][][][][][][][][][][][][][][][][][][][][][][][][][][][][][] 
 []


Overfull \hbox (80.14406pt too wide) in paragraph at lines 836--837
[][][][][][][][][][][][][][][][][] 
 []


Overfull \hbox (23.74416pt too wide) in paragraph at lines 837--839
[][][][][][][][][][][][][][][][] 
 []


Overfull \hbox (2.5942pt too wide) in paragraph at lines 840--842
[][][][][][][][][][][][][][][][][][][][][][][][][][][][][][] 
 []


Overfull \hbox (2.5942pt too wide) in paragraph at lines 842--843
[][][][][][][][][][][][][][][][] 
 []

[39]
Overfull \hbox (73.09407pt too wide) in paragraph at lines 854--855
[][][][][][][] 
 []


Overfull \hbox (277.54372pt too wide) in paragraph at lines 862--863
[][][][][][][][][][][][][][][][][][][][][][][][][][] 
 []


Overfull \hbox (284.5937pt too wide) in paragraph at lines 863--864
[][][][][][][][][][][][][][][][][][][][][][][][][][] 
 []


Overfull \hbox (284.5937pt too wide) in paragraph at lines 864--866
[][][][][][][][][][][][][][][][][][][][][][][][][][] 
 []


Overfull \hbox (221.14381pt too wide) in paragraph at lines 868--870
[][][][][][][][][][][][][][][][][][][][][][][][][][][][][][][][][][][][] 
 []


Overfull \hbox (319.84364pt too wide) in paragraph at lines 873--874
[][][][][][][][][][][][][][][][][][][][][][][][][][][][][][][][][] 
 []


Overfull \hbox (185.89388pt too wide) in paragraph at lines 874--875
[][][][][][][][][][][][][][][][][][][][][][] 
 []


Overfull \hbox (326.89363pt too wide) in paragraph at lines 876--877
[][][][][][][][][][][][][][][][][][][][][][][][][][][][][][][][][] 
 []


Overfull \hbox (185.89388pt too wide) in paragraph at lines 877--880
[][][][][][][][][][][][][][][][][][][][][][] 
 []


Overfull \hbox (73.09407pt too wide) in paragraph at lines 880--882
[][][][][][][][][][][][][][][][][][][][][][][][][][] 
 []

[40]
Overfull \hbox (305.74367pt too wide) in paragraph at lines 909--911
[][][][][][][][][][][][][][][][][][][][][][][][][][] 
 []


Overfull \hbox (249.34377pt too wide) in paragraph at lines 915--916
[][][][][][][][][][][][][][][][][][][][][][][][][][][][][][][][] 
 []


Overfull \hbox (390.34352pt too wide) in paragraph at lines 916--917
[][][][][][][][][][][][][][][][][][][][][][][][][][][][][][][][][][][][][][] 
 []


Overfull \hbox (418.54347pt too wide) in paragraph at lines 917--918
[][][][][][][][][][][][][][][][][][][][][][][][][][][][][][][][][][][][][][][][
][][][] 
 []


Overfull \hbox (446.74342pt too wide) in paragraph at lines 918--919
[][][][][][][][][][][][][][][][][][][][][][][][][][][][][][][][][][][][][][][][
][][][][][][] 
 []


Overfull \hbox (256.39375pt too wide) in paragraph at lines 921--922
[][][][][][][][][][][][][][][][][][][][][][][][][][][][][][][][] 
 []


Overfull \hbox (122.44398pt too wide) in paragraph at lines 922--923
[][][][][][][][][][][][][][][][][][][][][][][][][][][][][][] 
 []

[41]
Overfull \hbox (80.14406pt too wide) in paragraph at lines 934--935
[][][][][][][][][][][][][][][][][][][][][][][] 
 []


Overfull \hbox (80.14406pt too wide) in paragraph at lines 935--936
[][][][][][][][][][][][][][][][][][][][][][][][][] 
 []


Overfull \hbox (101.29402pt too wide) in paragraph at lines 936--937
[][][][][][][][][][][][][][][][][][][][][][][][][][][] 
 []


Overfull \hbox (214.09383pt too wide) in paragraph at lines 937--938
[][][][][][][][][][][][][][][][][][][][][][][][][][][][][][][] 
 []


Overfull \hbox (178.84389pt too wide) in paragraph at lines 938--939
[][][][][][][][][][][][][][][][][][][][][][][][][][][][] 
 []


Overfull \hbox (108.34401pt too wide) in paragraph at lines 939--940
[][][][][][][][][][][][][][][][][][][][][][][][] 
 []


Overfull \hbox (94.24403pt too wide) in paragraph at lines 940--941
[][][][][][][][][][][][][][][][][][][][][][][] 
 []


Overfull \hbox (66.04408pt too wide) in paragraph at lines 943--944
[][][][][][][][][][][][][][][][][][][][][][][] 
 []


Overfull \hbox (228.1938pt too wide) in paragraph at lines 944--946
[][][][][][][][][][][][][][][][][][][][][][][][][][][] 
 []


Overfull \hbox (291.64369pt too wide) in paragraph at lines 946--947
[][][][][][][][][][][][][][][][][][][][][][][][][][][][][][] 
 []


Overfull \hbox (178.84389pt too wide) in paragraph at lines 947--948
[][][][][][][][][][][][][][][][][][][][][][][][][][][][][] 
 []


Overfull \hbox (291.64369pt too wide) in paragraph at lines 948--949
[][][][][][][][][][][][][][][][][][][][][][][][][][][][][] 
 []


Overfull \hbox (291.64369pt too wide) in paragraph at lines 951--952
[][][][][][][][][][][][][][][][][][][][][][][][][][][][][][] 
 []


Overfull \hbox (291.64369pt too wide) in paragraph at lines 952--953
[][][][][][][][][][][][][][][][][][][][][][][][][][][][][][][][][][] 
 []


Overfull \hbox (326.89363pt too wide) in paragraph at lines 953--954
[][][][][][][][][][][][][][][][][][][][][][][][][][][][][][][][] 
 []


Overfull \hbox (270.49373pt too wide) in paragraph at lines 954--955
[][][][][][][][][][][][][][][][][][][][][][][][][][][][][][] 
 []


Overfull \hbox (284.5937pt too wide) in paragraph at lines 955--956
[][][][][][][][][][][][][][][][][][][][][][][][][][] 
 []


Overfull \hbox (249.34377pt too wide) in paragraph at lines 956--958
[][][][][][][][][][][][][][][][][][][][][][][][][][][] 
 []


Overfull \hbox (94.24403pt too wide) in paragraph at lines 958--959
[][][][][][][][][][][][][][][][][][][][][][][][][] 
 []


Overfull \hbox (185.89388pt too wide) in paragraph at lines 959--961
[][][][][][][][][][][][][][][][][][][][][][][][][][][] 
 []


Overfull \hbox (115.394pt too wide) in paragraph at lines 961--962
[][][][][][][][][][][][][][][][][][][][][][][] 
 []


Overfull \hbox (221.14381pt too wide) in paragraph at lines 962--963
[][][][][][][][][][][][][][][][][][][][][][][][][][][][][][][][][] 
 []


Overfull \hbox (228.1938pt too wide) in paragraph at lines 963--964
[][][][][][][][][][][][][][][][][][][][][][][][][][] 
 []


Overfull \hbox (207.04384pt too wide) in paragraph at lines 964--965
[][][][][][][][][][][][][][][][][][][][][][][][][][][][][][][] 
 []


Overfull \hbox (150.64394pt too wide) in paragraph at lines 965--967
[][][][][][][][][][][][][][][][][][][][][][][][][][] 
 []

[42]
Overfull \hbox (291.64369pt too wide) in paragraph at lines 973--974
[][][][][][][][][][][][][][][][][][][][][][][][][][][][][] 
 []


Overfull \hbox (207.04384pt too wide) in paragraph at lines 979--981
[][][][][][][][][][][][][][][][][][][][][][][] 
 []


Overfull \hbox (129.49397pt too wide) in paragraph at lines 996--997
[][][][][][][][][][][][][][][][][] 
 []


Overfull \hbox (51.9441pt too wide) in paragraph at lines 998--999
[][][][][][][][][][][][][] 
 []


Overfull \hbox (136.54396pt too wide) in paragraph at lines 999--1000
[][][][][][][][][][][][][][][] 
 []


Overfull \hbox (178.84389pt too wide) in paragraph at lines 1000--1001
[][][][][][][][][][][][][][][][] 
 []


Overfull \hbox (122.44398pt too wide) in paragraph at lines 1003--1006
[][][][][][][][][][][][][][][][][][][] 
 []

[43]) [44] (./paper.toc)
\tf@toc=\write3
\openout3 = `paper.toc'.

 [1] (./paper.aux) ) 
Here is how much of TeX's memory you used:
 3156 strings out of 493117
 46610 string characters out of 6135433
 150058 words of memory out of 5000000
 6521 multiletter control sequences out of 15000+600000
 10977 words of font info for 38 fonts, out of 8000000 for 9000
 1141 hyphenation exceptions out of 8191
 38i,12n,32p,935b,1395s stack positions out of 5000i,500n,10000p,200000b,80000s
</usr/local/texlive/2014/texmf-dist/fonts/type1/public/amsf
onts/cm/cmbx10.pfb></usr/local/texlive/2014/texmf-dist/fonts/type1/public/amsfo
nts/cm/cmbx12.pfb></usr/local/texlive/2014/texmf-dist/fonts/type1/public/amsfon
ts/cm/cmmi12.pfb></usr/local/texlive/2014/texmf-dist/fonts/type1/public/amsfont
s/cm/cmr10.pfb></usr/local/texlive/2014/texmf-dist/fonts/type1/public/amsfonts/
cm/cmr12.pfb></usr/local/texlive/2014/texmf-dist/fonts/type1/public/amsfonts/cm
/cmr17.pfb></usr/local/texlive/2014/texmf-dist/fonts/type1/public/amsfonts/cm/c
msy10.pfb></usr/local/texlive/2014/texmf-dist/fonts/type1/public/amsfonts/cm/cm
ti10.pfb></usr/local/texlive/2014/texmf-dist/fonts/type1/public/amsfonts/cm/cmt
i12.pfb></usr/local/texlive/2014/texmf-dist/fonts/type1/public/amsfonts/cm/cmti
8.pfb></usr/local/texlive/2014/texmf-dist/fonts/type1/public/amsfonts/cm/cmtt12
.pfb>
Output written on paper.pdf (45 pages, 2616505 bytes).
PDF statistics:
 256 PDF objects out of 1000 (max. 8388607)
 136 compressed objects within 2 object streams
 0 named destinations out of 1000 (max. 500000)
 236 words of extra memory for PDF output out of 10000 (max. 10000000)

